<?xml version="1.0" encoding="UTF-8"?>
<testng-results ignored="0" total="1" passed="1" failed="0" skipped="0">
  <reporter-output>
  </reporter-output>
  <suite started-at="2025-01-31T06:52:55 IST" name="Master Suite" finished-at="2025-01-31T06:53:34 IST" duration-ms="39841">
    <groups>
    </groups>
    <test started-at="2025-01-31T06:52:55 IST" name="Test" finished-at="2025-01-31T06:53:34 IST" duration-ms="39841">
      <class name="test.java.TC002_loginTest">
        <test-method is-config="true" signature="setup(java.lang.String,java.lang.String)[pri:0, instance:test.java.TC002_loginTest@9f116cc]" started-at="2025-01-31T06:52:55 IST" name="setup" finished-at="2025-01-31T06:53:02 IST" duration-ms="7566" status="PASS">
          <params>
            <param index="0">
              <value>
                <![CDATA[windows]]>
              </value>
            </param>
            <param index="1">
              <value>
                <![CDATA[chrome]]>
              </value>
            </param>
          </params>
          <reporter-output>
          </reporter-output>
        </test-method> <!-- setup -->
        <test-method signature="verify_login()[pri:0, instance:test.java.TC002_loginTest@9f116cc]" started-at="2025-01-31T06:53:02 IST" name="verify_login" finished-at="2025-01-31T06:53:34 IST" duration-ms="32161" status="PASS">
          <reporter-output>
          </reporter-output>
        </test-method> <!-- verify_login -->
        <test-method is-config="true" signature="tearDown()[pri:0, instance:test.java.TC002_loginTest@9f116cc]" started-at="2025-01-31T06:53:34 IST" name="tearDown" finished-at="2025-01-31T06:53:34 IST" duration-ms="87" status="PASS">
          <reporter-output>
          </reporter-output>
        </test-method> <!-- tearDown -->
      </class> <!-- test.java.TC002_loginTest -->
    </test> <!-- Test -->
  </suite> <!-- Master Suite -->
</testng-results>
